<?xml version="1.0" encoding="UTF-8"?>
<!-- Generated by org.testng.reporters.JUnitXMLReporter -->
<testsuite ignored="0" hostname="DESKTOP-87PLKL5" failures="3" tests="7" name="BankingApp Test" time="66.59" errors="0" timestamp="2021-05-11T18:55:18 EDT">
  <testcase classname="com.inetBankingV1.testCases.TC_LoginTest_001" name="loginTest" time="1.598"/>
  <testcase classname="com.inetBankingV1.testCases.TC_LoginDDT_002" name="loginDDT" time="8.665"/>
  <testcase classname="com.inetBankingV1.testCases.TC_LoginDDT_002" name="loginDDT" time="4.288">
    <failure type="java.lang.AssertionError" message="expected [true] but found [false]">
      <![CDATA[java.lang.AssertionError: expected [true] but found [false]
at com.inetBankingV1.testCases.TC_LoginDDT_002.loginDDT(TC_LoginDDT_002.java:29)
at java.base/java.util.ArrayList.forEach(ArrayList.java:1511)
... Removed 31 stack frames]]>
    </failure>
  </testcase> <!-- loginDDT -->
  <testcase classname="com.inetBankingV1.testCases.TC_LoginDDT_002" name="loginDDT" time="4.006">
    <failure type="java.lang.AssertionError" message="expected [true] but found [false]">
      <![CDATA[java.lang.AssertionError: expected [true] but found [false]
at com.inetBankingV1.testCases.TC_LoginDDT_002.loginDDT(TC_LoginDDT_002.java:29)
at java.base/java.util.ArrayList.forEach(ArrayList.java:1511)
... Removed 31 stack frames]]>
    </failure>
  </testcase> <!-- loginDDT -->
  <testcase classname="com.inetBankingV1.testCases.TC_LoginDDT_002" name="loginDDT" time="8.27"/>
  <testcase classname="com.inetBankingV1.testCases.TC_LoginDDT_002" name="loginDDT" time="4.496">
    <failure type="java.lang.AssertionError" message="expected [true] but found [false]">
      <![CDATA[java.lang.AssertionError: expected [true] but found [false]
at com.inetBankingV1.testCases.TC_LoginDDT_002.loginDDT(TC_LoginDDT_002.java:29)
at java.base/java.util.ArrayList.forEach(ArrayList.java:1511)
... Removed 31 stack frames]]>
    </failure>
  </testcase> <!-- loginDDT -->
  <testcase classname="com.inetBankingV1.testCases.TC_AddCustomerTest_003" name="addNewCustomer" time="15.199"/>
</testsuite> <!-- BankingApp Test -->
