<html>
<head>
<title>TestNG:  BankingApp Test</title>
<link href="../testng.css" rel="stylesheet" type="text/css" />
<link href="../my-testng.css" rel="stylesheet" type="text/css" />

<style type="text/css">
.log { display: none;} 
.stack-trace { display: none;} 
</style>
<script type="text/javascript">
<!--
function flip(e) {
  current = e.style.display;
  if (current == 'block') {
    e.style.display = 'none';
    return 0;
  }
  else {
    e.style.display = 'block';
    return 1;
  }
}

function toggleBox(szDivId, elem, msg1, msg2)
{
  var res = -1;  if (document.getElementById) {
    res = flip(document.getElementById(szDivId));
  }
  else if (document.all) {
    // this is the way old msie versions work
    res = flip(document.all[szDivId]);
  }
  if(elem) {
    if(res == 0) elem.innerHTML = msg1; else elem.innerHTML = msg2;
  }

}

function toggleAllBoxes() {
  if (document.getElementsByTagName) {
    d = document.getElementsByTagName('div');
    for (i = 0; i < d.length; i++) {
      if (d[i].className == 'log') {
        flip(d[i]);
      }
    }
  }
}

// -->
</script>

</head>
<body>
<h2 align='center'>BankingApp Test</h2><table border='1' align="center">
<tr>
<td>Tests passed/Failed/Skipped:</td><td>0/0/2</td>
</tr><tr>
<td>Started on:</td><td>Wed May 12 03:06:44 EDT 2021</td>
</tr>
<tr><td>Total time:</td><td>603 seconds (603427 ms)</td>
</tr><tr>
<td>Included groups:</td><td></td>
</tr><tr>
<td>Excluded groups:</td><td></td>
</tr>
</table><p/>
<small><i>(Hover the method name to see the test class name)</i></small><p/>
<table width='100%' border='1' class='invocation-failed'>
<tr><td colspan='4' align='center'><b>FAILED CONFIGURATIONS</b></td></tr>
<tr><td><b>Test method</b></td>
<td width="30%"><b>Exception</b></td>
<td width="10%"><b>Time (seconds)</b></td>
<td><b>Instance</b></td>
</tr>
<tr>
<td title='com.inetBankingV1.testCases.TC_LoginTest_001.setup()'><b>setup</b><br>Test class: com.inetBankingV1.testCases.TC_LoginTest_001<br>Parameters: chrome</td>
<td><div><pre>org.openqa.selenium.SessionNotCreatedException: session not created
from timeout: Timed out receiving message from renderer: 600.000
  (Session info: chrome=90.0.4430.93)
Build info: version: &apos;3.10.0&apos;, revision: &apos;176b4a9&apos;, time: &apos;2018-03-02T19:03:16.397Z&apos;
System info: host: &apos;DESKTOP-87PLKL5&apos;, ip: &apos;192.168.2.44&apos;, os.name: &apos;Windows 10&apos;, os.arch: &apos;amd64&apos;, os.version: &apos;10.0&apos;, java.version: &apos;11.0.11&apos;
Driver info: driver.version: ChromeDriver
remote stacktrace: Backtrace:
	Ordinal0 [0x0006E7D3+124883]
	Ordinal0 [0x0006E7B1+124849]
	GetHandleVerifier [0x002B8688+193832]
	GetHandleVerifier [0x002AC079+143129]
	GetHandleVerifier [0x002AB45E+140030]
	GetHandleVerifier [0x002AB6E6+140678]
	GetHandleVerifier [0x002AB025+138949]
	GetHandleVerifier [0x002B4679+177433]
	GetHandleVerifier [0x002AAFE1+138881]
	GetHandleVerifier [0x002ABD62+142338]
	GetHandleVerifier [0x002AB45E+140030]
	GetHandleVerifier [0x002AB6E6+140678]
	GetHandleVerifier [0x002AB025+138949]
	GetHandleVerifier [0x002B2A0A+170154]
	GetHandleVerifier [0x002AAFE1+138881]
	GetHandleVerifier [0x002ABD62+142338]
	GetHandleVerifier [0x002AB45E+140030]
	GetHandleVerifier [0x002AB6E6+140678]
	GetHandleVerifier [0x002AB025+138949]
	GetHandleVerifier [0x002B0D69+162825]
	GetHandleVerifier [0x002AAFE1+138881]
	GetHandleVerifier [0x002ABD62+142338]
	GetHandleVerifier [0x002AB45E+140030]
	GetHandleVerifier [0x002AB6E6+140678]
	GetHandleVerifier [0x002AB025+138949]
	GetHandleVerifier [0x002B017C+159772]
	GetHandleVerifier [0x002AAFE1+138881]
	GetHandleVerifier [0x002ABD62+142338]
	GetHandleVerifier [0x002AB45E+140030]
	GetHandleVerifier [0x002AB6E6+140678]
	GetHandleVerifier [0x002AB025+138949]
	GetHandleVerifier [0x002A76ED+124301]
	GetHandleVerifier [0x002AAFE1+138881]
	GetHandleVerifier [0x002AAE03+138403]
	GetHandleVerifier [0x002AABF7+137879]
	GetHandleVerifier [0x002B9930+198608]
	GetHandleVerifier [0x002F5758+443896]
	GetHandleVerifier [0x002F47FC+439964]
	GetHandleVerifier [0x002F154B+426987]
	GetHandleVerifier [0x002D4FFD+310941]
	GetHandleVerifier [0x002D5D8E+314414]
	GetHandleVerifier [0x002D5D19+314297]
	GetHandleVerifier [0x003931EC+1089676]
	GetHandleVerifier [0x003917C9+1082985]
	GetHandleVerifier [0x003913A3+1081923]
	GetHandleVerifier [0x0048D9FD+2115741]
	Ordinal0 [0x001BB82E+1488942]
	Ordinal0 [0x00155A7D+1071741]
	Ordinal0 [0x0015559B+1070491]
	Ordinal0 [0x001554B1+1070257]
	Ordinal0 [0x0018FF53+1310547]
	BaseThreadInitThunk [0x76C8FA29+25]
	RtlGetAppContainerNamedObjectPath [0x772F7A4E+286]
	RtlGetAppContainerNamedObjectPath [0x772F7A1E+238]
	(No symbol) [0x00000000]

	at org.openqa.selenium.remote.W3CHandshakeResponse.lambda$new$0(W3CHandshakeResponse.java:57)
	at org.openqa.selenium.remote.W3CHandshakeResponse.lambda$getResponseFunction$2(W3CHandshakeResponse.java:104)
	at org.openqa.selenium.remote.ProtocolHandshake.lambda$createSession$0(ProtocolHandshake.java:123)
	at java.base/java.util.stream.ReferencePipeline$3$1.accept(ReferencePipeline.java:195)
	at java.base/java.util.Spliterators$ArraySpliterator.tryAdvance(Spliterators.java:958)
	at java.base/java.util.stream.ReferencePipeline.forEachWithCancel(ReferencePipeline.java:127)
	at java.base/java.util.stream.AbstractPipeline.copyIntoWithCancel(AbstractPipeline.java:502)
	at java.base/java.util.stream.AbstractPipeline.copyInto(AbstractPipeline.java:488)
	at java.base/java.util.stream.AbstractPipeline.wrapAndCopyInto(AbstractPipeline.java:474)
	at java.base/java.util.stream.FindOps$FindOp.evaluateSequential(FindOps.java:150)
	at java.base/java.util.stream.AbstractPipeline.evaluate(AbstractPipeline.java:234)
	at java.base/java.util.stream.ReferencePipeline.findFirst(ReferencePipeline.java:543)
	at org.openqa.selenium.remote.ProtocolHandshake.createSession(ProtocolHandshake.java:126)
	at org.openqa.selenium.remote.ProtocolHandshake.createSession(ProtocolHandshake.java:73)
	at org.openqa.selenium.remote.HttpCommandExecutor.execute(HttpCommandExecutor.java:138)
	at org.openqa.selenium.remote.service.DriverCommandExecutor.execute(DriverCommandExecutor.java:83)
	at org.openqa.selenium.remote.RemoteWebDriver.execute(RemoteWebDriver.java:601)
	at org.openqa.selenium.remote.RemoteWebDriver.startSession(RemoteWebDriver.java:219)
	at org.openqa.selenium.remote.RemoteWebDriver.&lt;init&gt;(RemoteWebDriver.java:142)
	at org.openqa.selenium.chrome.ChromeDriver.&lt;init&gt;(ChromeDriver.java:181)
	at org.openqa.selenium.chrome.ChromeDriver.&lt;init&gt;(ChromeDriver.java:168)
	at org.openqa.selenium.chrome.ChromeDriver.&lt;init&gt;(ChromeDriver.java:123)
	at com.inetBankingV1.testCases.BaseClass.setup(BaseClass.java:44)
... Removed 32 stack frames</pre></div><a href='#' onClick='toggleBox("stack-trace1097069005", this, "Click to show all stack frames", "Click to hide stack frames")'>Click to show all stack frames</a>
<div class='stack-trace' id='stack-trace1097069005'><pre>org.openqa.selenium.SessionNotCreatedException: session not created
from timeout: Timed out receiving message from renderer: 600.000
  (Session info: chrome=90.0.4430.93)
Build info: version: &apos;3.10.0&apos;, revision: &apos;176b4a9&apos;, time: &apos;2018-03-02T19:03:16.397Z&apos;
System info: host: &apos;DESKTOP-87PLKL5&apos;, ip: &apos;192.168.2.44&apos;, os.name: &apos;Windows 10&apos;, os.arch: &apos;amd64&apos;, os.version: &apos;10.0&apos;, java.version: &apos;11.0.11&apos;
Driver info: driver.version: ChromeDriver
remote stacktrace: Backtrace:
	Ordinal0 [0x0006E7D3+124883]
	Ordinal0 [0x0006E7B1+124849]
	GetHandleVerifier [0x002B8688+193832]
	GetHandleVerifier [0x002AC079+143129]
	GetHandleVerifier [0x002AB45E+140030]
	GetHandleVerifier [0x002AB6E6+140678]
	GetHandleVerifier [0x002AB025+138949]
	GetHandleVerifier [0x002B4679+177433]
	GetHandleVerifier [0x002AAFE1+138881]
	GetHandleVerifier [0x002ABD62+142338]
	GetHandleVerifier [0x002AB45E+140030]
	GetHandleVerifier [0x002AB6E6+140678]
	GetHandleVerifier [0x002AB025+138949]
	GetHandleVerifier [0x002B2A0A+170154]
	GetHandleVerifier [0x002AAFE1+138881]
	GetHandleVerifier [0x002ABD62+142338]
	GetHandleVerifier [0x002AB45E+140030]
	GetHandleVerifier [0x002AB6E6+140678]
	GetHandleVerifier [0x002AB025+138949]
	GetHandleVerifier [0x002B0D69+162825]
	GetHandleVerifier [0x002AAFE1+138881]
	GetHandleVerifier [0x002ABD62+142338]
	GetHandleVerifier [0x002AB45E+140030]
	GetHandleVerifier [0x002AB6E6+140678]
	GetHandleVerifier [0x002AB025+138949]
	GetHandleVerifier [0x002B017C+159772]
	GetHandleVerifier [0x002AAFE1+138881]
	GetHandleVerifier [0x002ABD62+142338]
	GetHandleVerifier [0x002AB45E+140030]
	GetHandleVerifier [0x002AB6E6+140678]
	GetHandleVerifier [0x002AB025+138949]
	GetHandleVerifier [0x002A76ED+124301]
	GetHandleVerifier [0x002AAFE1+138881]
	GetHandleVerifier [0x002AAE03+138403]
	GetHandleVerifier [0x002AABF7+137879]
	GetHandleVerifier [0x002B9930+198608]
	GetHandleVerifier [0x002F5758+443896]
	GetHandleVerifier [0x002F47FC+439964]
	GetHandleVerifier [0x002F154B+426987]
	GetHandleVerifier [0x002D4FFD+310941]
	GetHandleVerifier [0x002D5D8E+314414]
	GetHandleVerifier [0x002D5D19+314297]
	GetHandleVerifier [0x003931EC+1089676]
	GetHandleVerifier [0x003917C9+1082985]
	GetHandleVerifier [0x003913A3+1081923]
	GetHandleVerifier [0x0048D9FD+2115741]
	Ordinal0 [0x001BB82E+1488942]
	Ordinal0 [0x00155A7D+1071741]
	Ordinal0 [0x0015559B+1070491]
	Ordinal0 [0x001554B1+1070257]
	Ordinal0 [0x0018FF53+1310547]
	BaseThreadInitThunk [0x76C8FA29+25]
	RtlGetAppContainerNamedObjectPath [0x772F7A4E+286]
	RtlGetAppContainerNamedObjectPath [0x772F7A1E+238]
	(No symbol) [0x00000000]

	at java.base/jdk.internal.reflect.NativeConstructorAccessorImpl.newInstance0(Native Method)
	at java.base/jdk.internal.reflect.NativeConstructorAccessorImpl.newInstance(NativeConstructorAccessorImpl.java:62)
	at java.base/jdk.internal.reflect.DelegatingConstructorAccessorImpl.newInstance(DelegatingConstructorAccessorImpl.java:45)
	at java.base/java.lang.reflect.Constructor.newInstance(Constructor.java:490)
	at org.openqa.selenium.remote.W3CHandshakeResponse.lambda$new$0(W3CHandshakeResponse.java:57)
	at org.openqa.selenium.remote.W3CHandshakeResponse.lambda$getResponseFunction$2(W3CHandshakeResponse.java:104)
	at org.openqa.selenium.remote.ProtocolHandshake.lambda$createSession$0(ProtocolHandshake.java:123)
	at java.base/java.util.stream.ReferencePipeline$3$1.accept(ReferencePipeline.java:195)
	at java.base/java.util.Spliterators$ArraySpliterator.tryAdvance(Spliterators.java:958)
	at java.base/java.util.stream.ReferencePipeline.forEachWithCancel(ReferencePipeline.java:127)
	at java.base/java.util.stream.AbstractPipeline.copyIntoWithCancel(AbstractPipeline.java:502)
	at java.base/java.util.stream.AbstractPipeline.copyInto(AbstractPipeline.java:488)
	at java.base/java.util.stream.AbstractPipeline.wrapAndCopyInto(AbstractPipeline.java:474)
	at java.base/java.util.stream.FindOps$FindOp.evaluateSequential(FindOps.java:150)
	at java.base/java.util.stream.AbstractPipeline.evaluate(AbstractPipeline.java:234)
	at java.base/java.util.stream.ReferencePipeline.findFirst(ReferencePipeline.java:543)
	at org.openqa.selenium.remote.ProtocolHandshake.createSession(ProtocolHandshake.java:126)
	at org.openqa.selenium.remote.ProtocolHandshake.createSession(ProtocolHandshake.java:73)
	at org.openqa.selenium.remote.HttpCommandExecutor.execute(HttpCommandExecutor.java:138)
	at org.openqa.selenium.remote.service.DriverCommandExecutor.execute(DriverCommandExecutor.java:83)
	at org.openqa.selenium.remote.RemoteWebDriver.execute(RemoteWebDriver.java:601)
	at org.openqa.selenium.remote.RemoteWebDriver.startSession(RemoteWebDriver.java:219)
	at org.openqa.selenium.remote.RemoteWebDriver.&lt;init&gt;(RemoteWebDriver.java:142)
	at org.openqa.selenium.chrome.ChromeDriver.&lt;init&gt;(ChromeDriver.java:181)
	at org.openqa.selenium.chrome.ChromeDriver.&lt;init&gt;(ChromeDriver.java:168)
	at org.openqa.selenium.chrome.ChromeDriver.&lt;init&gt;(ChromeDriver.java:123)
	at com.inetBankingV1.testCases.BaseClass.setup(BaseClass.java:44)
	at java.base/jdk.internal.reflect.NativeMethodAccessorImpl.invoke0(Native Method)
	at java.base/jdk.internal.reflect.NativeMethodAccessorImpl.invoke(NativeMethodAccessorImpl.java:62)
	at java.base/jdk.internal.reflect.DelegatingMethodAccessorImpl.invoke(DelegatingMethodAccessorImpl.java:43)
	at java.base/java.lang.reflect.Method.invoke(Method.java:566)
	at org.testng.internal.MethodInvocationHelper.invokeMethod(MethodInvocationHelper.java:85)
	at org.testng.internal.Invoker.invokeConfigurationMethod(Invoker.java:517)
	at org.testng.internal.Invoker.invokeConfigurations(Invoker.java:213)
	at org.testng.internal.Invoker.invokeConfigurations(Invoker.java:140)
	at org.testng.internal.TestMethodWorker.invokeBeforeClassMethods(TestMethodWorker.java:170)
	at org.testng.internal.TestMethodWorker.run(TestMethodWorker.java:104)
	at org.testng.TestRunner.privateRun(TestRunner.java:771)
	at org.testng.TestRunner.run(TestRunner.java:621)
	at org.testng.SuiteRunner.runTest(SuiteRunner.java:357)
	at org.testng.SuiteRunner.runSequentially(SuiteRunner.java:352)
	at org.testng.SuiteRunner.privateRun(SuiteRunner.java:310)
	at org.testng.SuiteRunner.run(SuiteRunner.java:259)
	at org.testng.SuiteRunnerWorker.runSuite(SuiteRunnerWorker.java:52)
	at org.testng.SuiteRunnerWorker.run(SuiteRunnerWorker.java:86)
	at org.testng.TestNG.runSuitesSequentially(TestNG.java:1199)
	at org.testng.TestNG.runSuitesLocally(TestNG.java:1124)
	at org.testng.TestNG.run(TestNG.java:1032)
	at org.apache.maven.surefire.testng.TestNGExecutor.run(TestNGExecutor.java:283)
	at org.apache.maven.surefire.testng.TestNGXmlTestSuite.execute(TestNGXmlTestSuite.java:75)
	at org.apache.maven.surefire.testng.TestNGProvider.invoke(TestNGProvider.java:120)
	at org.apache.maven.surefire.booter.ForkedBooter.invokeProviderInSameClassLoader(ForkedBooter.java:384)
	at org.apache.maven.surefire.booter.ForkedBooter.runSuitesInProcess(ForkedBooter.java:345)
	at org.apache.maven.surefire.booter.ForkedBooter.execute(ForkedBooter.java:126)
	at org.apache.maven.surefire.booter.ForkedBooter.main(ForkedBooter.java:418)
</pre></div></td>
<td>0</td>
<td>com.inetBankingV1.testCases.TC_LoginTest_001@1863d2fe</td></tr>
</table><p>
<table width='100%' border='1' class='invocation-skipped'>
<tr><td colspan='4' align='center'><b>SKIPPED CONFIGURATIONS</b></td></tr>
<tr><td><b>Test method</b></td>
<td width="30%"><b>Exception</b></td>
<td width="10%"><b>Time (seconds)</b></td>
<td><b>Instance</b></td>
</tr>
<tr>
<td title='com.inetBankingV1.testCases.TC_AddCustomerTest_003.setup()'><b>setup</b><br>Test class: com.inetBankingV1.testCases.TC_AddCustomerTest_003</td>
<td></td>
<td>0</td>
<td>com.inetBankingV1.testCases.TC_AddCustomerTest_003@420a85c4</td></tr>
<tr>
<td title='com.inetBankingV1.testCases.TC_LoginTest_001.down()'><b>down</b><br>Test class: com.inetBankingV1.testCases.TC_LoginTest_001</td>
<td></td>
<td>0</td>
<td>com.inetBankingV1.testCases.TC_LoginTest_001@1863d2fe</td></tr>
<tr>
<td title='com.inetBankingV1.testCases.TC_AddCustomerTest_003.down()'><b>down</b><br>Test class: com.inetBankingV1.testCases.TC_AddCustomerTest_003</td>
<td></td>
<td>0</td>
<td>com.inetBankingV1.testCases.TC_AddCustomerTest_003@420a85c4</td></tr>
</table><p>
<table width='100%' border='1' class='invocation-skipped'>
<tr><td colspan='4' align='center'><b>SKIPPED TESTS</b></td></tr>
<tr><td><b>Test method</b></td>
<td width="30%"><b>Exception</b></td>
<td width="10%"><b>Time (seconds)</b></td>
<td><b>Instance</b></td>
</tr>
<tr>
<td title='com.inetBankingV1.testCases.TC_AddCustomerTest_003.addNewCustomer()'><b>addNewCustomer</b><br>Test class: com.inetBankingV1.testCases.TC_AddCustomerTest_003</td>
<td></td>
<td>0</td>
<td>com.inetBankingV1.testCases.TC_AddCustomerTest_003@420a85c4</td></tr>
<tr>
<td title='com.inetBankingV1.testCases.TC_LoginTest_001.loginTest()'><b>loginTest</b><br>Test class: com.inetBankingV1.testCases.TC_LoginTest_001</td>
<td></td>
<td>0</td>
<td>com.inetBankingV1.testCases.TC_LoginTest_001@1863d2fe</td></tr>
</table><p>
</body>
</html>