<?xml version="1.0" encoding="UTF-8"?>
<!-- Generated by org.testng.reporters.JUnitReportReporter -->
<testsuite hostname="DESKTOP-87PLKL5" failures="0" tests="1" name="com.inetBankingV1.testCases.TC_AddCustomerTest_003" time="0.000" errors="1" timestamp="12 May 2021 07:16:48 GMT">
  <testcase classname="com.inetBankingV1.testCases.TC_AddCustomerTest_003" name="addNewCustomer" time="0.000">
    <error message="session not created
from timeout: Timed out receiving message from renderer: 600.000
  (Session info: chrome=90.0.4430.93)
Build info: version: &#039;3.10.0&#039;, revision: &#039;176b4a9&#039;, time: &#039;2018-03-02T19:03:16.397Z&#039;
System info: host: &#039;DESKTOP-87PLKL5&#039;, ip: &#039;192.168.2.44&#039;, os.name: &#039;Windows 10&#039;, os.arch: &#039;amd64&#039;, os.version: &#039;10.0&#039;, java.version: &#039;11.0.11&#039;
Driver info: driver.version: ChromeDriver
remote stacktrace: Backtrace:
	Ordinal0 [0x0006E7D3+124883]
	Ordinal0 [0x0006E7B1+124849]
	GetHandleVerifier [0x002B8688+193832]
	GetHandleVerifier [0x002AC079+143129]
	GetHandleVerifier [0x002AB45E+140030]
	GetHandleVerifier [0x002AB6E6+140678]
	GetHandleVerifier [0x002AB025+138949]
	GetHandleVerifier [0x002B4679+177433]
	GetHandleVerifier [0x002AAFE1+138881]
	GetHandleVerifier [0x002ABD62+142338]
	GetHandleVerifier [0x002AB45E+140030]
	GetHandleVerifier [0x002AB6E6+140678]
	GetHandleVerifier [0x002AB025+138949]
	GetHandleVerifier [0x002B2A0A+170154]
	GetHandleVerifier [0x002AAFE1+138881]
	GetHandleVerifier [0x002ABD62+142338]
	GetHandleVerifier [0x002AB45E+140030]
	GetHandleVerifier [0x002AB6E6+140678]
	GetHandleVerifier [0x002AB025+138949]
	GetHandleVerifier [0x002B0D69+162825]
	GetHandleVerifier [0x002AAFE1+138881]
	GetHandleVerifier [0x002ABD62+142338]
	GetHandleVerifier [0x002AB45E+140030]
	GetHandleVerifier [0x002AB6E6+140678]
	GetHandleVerifier [0x002AB025+138949]
	GetHandleVerifier [0x002B017C+159772]
	GetHandleVerifier [0x002AAFE1+138881]
	GetHandleVerifier [0x002ABD62+142338]
	GetHandleVerifier [0x002AB45E+140030]
	GetHandleVerifier [0x002AB6E6+140678]
	GetHandleVerifier [0x002AB025+138949]
	GetHandleVerifier [0x002A76ED+124301]
	GetHandleVerifier [0x002AAFE1+138881]
	GetHandleVerifier [0x002AAE03+138403]
	GetHandleVerifier [0x002AABF7+137879]
	GetHandleVerifier [0x002B9930+198608]
	GetHandleVerifier [0x002F5758+443896]
	GetHandleVerifier [0x002F47FC+439964]
	GetHandleVerifier [0x002F154B+426987]
	GetHandleVerifier [0x002D4FFD+310941]
	GetHandleVerifier [0x002D5D8E+314414]
	GetHandleVerifier [0x002D5D19+314297]
	GetHandleVerifier [0x003931EC+1089676]
	GetHandleVerifier [0x003917C9+1082985]
	GetHandleVerifier [0x003913A3+1081923]
	GetHandleVerifier [0x0048D9FD+2115741]
	Ordinal0 [0x001BB82E+1488942]
	Ordinal0 [0x00155A7D+1071741]
	Ordinal0 [0x0015559B+1070491]
	Ordinal0 [0x001554B1+1070257]
	Ordinal0 [0x0018FF53+1310547]
	BaseThreadInitThunk [0x76C8FA29+25]
	RtlGetAppContainerNamedObjectPath [0x772F7A4E+286]
	RtlGetAppContainerNamedObjectPath [0x772F7A1E+238]
	(No symbol) [0x00000000]
" type="org.openqa.selenium.SessionNotCreatedException">
      <![CDATA[org.openqa.selenium.SessionNotCreatedException: session not created
from timeout: Timed out receiving message from renderer: 600.000
  (Session info: chrome=90.0.4430.93)
Build info: version: '3.10.0', revision: '176b4a9', time: '2018-03-02T19:03:16.397Z'
System info: host: 'DESKTOP-87PLKL5', ip: '192.168.2.44', os.name: 'Windows 10', os.arch: 'amd64', os.version: '10.0', java.version: '11.0.11'
Driver info: driver.version: ChromeDriver
remote stacktrace: Backtrace:
	Ordinal0 [0x0006E7D3+124883]
	Ordinal0 [0x0006E7B1+124849]
	GetHandleVerifier [0x002B8688+193832]
	GetHandleVerifier [0x002AC079+143129]
	GetHandleVerifier [0x002AB45E+140030]
	GetHandleVerifier [0x002AB6E6+140678]
	GetHandleVerifier [0x002AB025+138949]
	GetHandleVerifier [0x002B4679+177433]
	GetHandleVerifier [0x002AAFE1+138881]
	GetHandleVerifier [0x002ABD62+142338]
	GetHandleVerifier [0x002AB45E+140030]
	GetHandleVerifier [0x002AB6E6+140678]
	GetHandleVerifier [0x002AB025+138949]
	GetHandleVerifier [0x002B2A0A+170154]
	GetHandleVerifier [0x002AAFE1+138881]
	GetHandleVerifier [0x002ABD62+142338]
	GetHandleVerifier [0x002AB45E+140030]
	GetHandleVerifier [0x002AB6E6+140678]
	GetHandleVerifier [0x002AB025+138949]
	GetHandleVerifier [0x002B0D69+162825]
	GetHandleVerifier [0x002AAFE1+138881]
	GetHandleVerifier [0x002ABD62+142338]
	GetHandleVerifier [0x002AB45E+140030]
	GetHandleVerifier [0x002AB6E6+140678]
	GetHandleVerifier [0x002AB025+138949]
	GetHandleVerifier [0x002B017C+159772]
	GetHandleVerifier [0x002AAFE1+138881]
	GetHandleVerifier [0x002ABD62+142338]
	GetHandleVerifier [0x002AB45E+140030]
	GetHandleVerifier [0x002AB6E6+140678]
	GetHandleVerifier [0x002AB025+138949]
	GetHandleVerifier [0x002A76ED+124301]
	GetHandleVerifier [0x002AAFE1+138881]
	GetHandleVerifier [0x002AAE03+138403]
	GetHandleVerifier [0x002AABF7+137879]
	GetHandleVerifier [0x002B9930+198608]
	GetHandleVerifier [0x002F5758+443896]
	GetHandleVerifier [0x002F47FC+439964]
	GetHandleVerifier [0x002F154B+426987]
	GetHandleVerifier [0x002D4FFD+310941]
	GetHandleVerifier [0x002D5D8E+314414]
	GetHandleVerifier [0x002D5D19+314297]
	GetHandleVerifier [0x003931EC+1089676]
	GetHandleVerifier [0x003917C9+1082985]
	GetHandleVerifier [0x003913A3+1081923]
	GetHandleVerifier [0x0048D9FD+2115741]
	Ordinal0 [0x001BB82E+1488942]
	Ordinal0 [0x00155A7D+1071741]
	Ordinal0 [0x0015559B+1070491]
	Ordinal0 [0x001554B1+1070257]
	Ordinal0 [0x0018FF53+1310547]
	BaseThreadInitThunk [0x76C8FA29+25]
	RtlGetAppContainerNamedObjectPath [0x772F7A4E+286]
	RtlGetAppContainerNamedObjectPath [0x772F7A1E+238]
	(No symbol) [0x00000000]

	at java.base/jdk.internal.reflect.NativeConstructorAccessorImpl.newInstance0(Native Method)
	at java.base/jdk.internal.reflect.NativeConstructorAccessorImpl.newInstance(NativeConstructorAccessorImpl.java:62)
	at java.base/jdk.internal.reflect.DelegatingConstructorAccessorImpl.newInstance(DelegatingConstructorAccessorImpl.java:45)
	at java.base/java.lang.reflect.Constructor.newInstance(Constructor.java:490)
	at org.openqa.selenium.remote.W3CHandshakeResponse.lambda$new$0(W3CHandshakeResponse.java:57)
	at org.openqa.selenium.remote.W3CHandshakeResponse.lambda$getResponseFunction$2(W3CHandshakeResponse.java:104)
	at org.openqa.selenium.remote.ProtocolHandshake.lambda$createSession$0(ProtocolHandshake.java:123)
	at java.base/java.util.stream.ReferencePipeline$3$1.accept(ReferencePipeline.java:195)
	at java.base/java.util.Spliterators$ArraySpliterator.tryAdvance(Spliterators.java:958)
	at java.base/java.util.stream.ReferencePipeline.forEachWithCancel(ReferencePipeline.java:127)
	at java.base/java.util.stream.AbstractPipeline.copyIntoWithCancel(AbstractPipeline.java:502)
	at java.base/java.util.stream.AbstractPipeline.copyInto(AbstractPipeline.java:488)
	at java.base/java.util.stream.AbstractPipeline.wrapAndCopyInto(AbstractPipeline.java:474)
	at java.base/java.util.stream.FindOps$FindOp.evaluateSequential(FindOps.java:150)
	at java.base/java.util.stream.AbstractPipeline.evaluate(AbstractPipeline.java:234)
	at java.base/java.util.stream.ReferencePipeline.findFirst(ReferencePipeline.java:543)
	at org.openqa.selenium.remote.ProtocolHandshake.createSession(ProtocolHandshake.java:126)
	at org.openqa.selenium.remote.ProtocolHandshake.createSession(ProtocolHandshake.java:73)
	at org.openqa.selenium.remote.HttpCommandExecutor.execute(HttpCommandExecutor.java:138)
	at org.openqa.selenium.remote.service.DriverCommandExecutor.execute(DriverCommandExecutor.java:83)
	at org.openqa.selenium.remote.RemoteWebDriver.execute(RemoteWebDriver.java:601)
	at org.openqa.selenium.remote.RemoteWebDriver.startSession(RemoteWebDriver.java:219)
	at org.openqa.selenium.remote.RemoteWebDriver.<init>(RemoteWebDriver.java:142)
	at org.openqa.selenium.chrome.ChromeDriver.<init>(ChromeDriver.java:181)
	at org.openqa.selenium.chrome.ChromeDriver.<init>(ChromeDriver.java:168)
	at org.openqa.selenium.chrome.ChromeDriver.<init>(ChromeDriver.java:123)
	at com.inetBankingV1.testCases.BaseClass.setup(BaseClass.java:44)
	at java.base/jdk.internal.reflect.NativeMethodAccessorImpl.invoke0(Native Method)
	at java.base/jdk.internal.reflect.NativeMethodAccessorImpl.invoke(NativeMethodAccessorImpl.java:62)
	at java.base/jdk.internal.reflect.DelegatingMethodAccessorImpl.invoke(DelegatingMethodAccessorImpl.java:43)
	at java.base/java.lang.reflect.Method.invoke(Method.java:566)
	at org.testng.internal.MethodInvocationHelper.invokeMethod(MethodInvocationHelper.java:85)
	at org.testng.internal.Invoker.invokeConfigurationMethod(Invoker.java:517)
	at org.testng.internal.Invoker.invokeConfigurations(Invoker.java:213)
	at org.testng.internal.Invoker.invokeConfigurations(Invoker.java:140)
	at org.testng.internal.TestMethodWorker.invokeBeforeClassMethods(TestMethodWorker.java:170)
	at org.testng.internal.TestMethodWorker.run(TestMethodWorker.java:104)
	at org.testng.TestRunner.privateRun(TestRunner.java:771)
	at org.testng.TestRunner.run(TestRunner.java:621)
	at org.testng.SuiteRunner.runTest(SuiteRunner.java:357)
	at org.testng.SuiteRunner.runSequentially(SuiteRunner.java:352)
	at org.testng.SuiteRunner.privateRun(SuiteRunner.java:310)
	at org.testng.SuiteRunner.run(SuiteRunner.java:259)
	at org.testng.SuiteRunnerWorker.runSuite(SuiteRunnerWorker.java:52)
	at org.testng.SuiteRunnerWorker.run(SuiteRunnerWorker.java:86)
	at org.testng.TestNG.runSuitesSequentially(TestNG.java:1199)
	at org.testng.TestNG.runSuitesLocally(TestNG.java:1124)
	at org.testng.TestNG.run(TestNG.java:1032)
	at org.apache.maven.surefire.testng.TestNGExecutor.run(TestNGExecutor.java:283)
	at org.apache.maven.surefire.testng.TestNGXmlTestSuite.execute(TestNGXmlTestSuite.java:75)
	at org.apache.maven.surefire.testng.TestNGProvider.invoke(TestNGProvider.java:120)
	at org.apache.maven.surefire.booter.ForkedBooter.invokeProviderInSameClassLoader(ForkedBooter.java:384)
	at org.apache.maven.surefire.booter.ForkedBooter.runSuitesInProcess(ForkedBooter.java:345)
	at org.apache.maven.surefire.booter.ForkedBooter.execute(ForkedBooter.java:126)
	at org.apache.maven.surefire.booter.ForkedBooter.main(ForkedBooter.java:418)
]]>
    </error>
  </testcase> <!-- addNewCustomer -->
</testsuite> <!-- com.inetBankingV1.testCases.TC_AddCustomerTest_003 -->
